SF:lib/src/common_widgets/ll_tappable.dart
DA:14,1
DA:21,0
DA:28,1
DA:30,1
DA:32,1
DA:33,1
DA:35,1
DA:38,1
DA:39,1
DA:41,0
DA:42,0
DA:43,0
DA:44,0
DA:45,0
DA:46,0
DA:48,0
DA:50,3
DA:55,1
DA:57,1
DA:59,3
DA:60,3
DA:63,2
DA:71,0
LF:23
LH:14
end_of_record
SF:lib/src/utils/future_easy_throttle.dart
DA:9,0
DA:12,0
DA:13,0
DA:14,0
DA:15,0
DA:19,0
DA:20,0
DA:21,0
DA:22,0
DA:24,0
DA:28,0
DA:37,0
DA:43,0
DA:45,0
DA:48,0
DA:49,0
DA:51,0
DA:52,0
DA:53,0
DA:54,0
DA:56,0
DA:60,0
DA:63,0
DA:64,0
DA:65,0
DA:68,0
DA:77,0
LF:27
LH:0
end_of_record
SF:lib/src/utils/extensions/completer_extension.dart
DA:4,0
DA:5,0
DA:6,0
LF:3
LH:0
end_of_record
